The system is: Linux - 4.19.75-v7l+ - armv7l
Compiling the C compiler identification source file "CMakeCCompilerId.c" succeeded.
Compiler: /usr/bin/clang 
Build flags: 
Id flags:  

The output was:
0


Compilation of the C compiler identification source "CMakeCCompilerId.c" produced "a.out"

The C compiler identification is Clang, found in "/home/pi/Desktop/Ten-Pin-Bowling-Imaging/release/CMakeFiles/3.13.4/CompilerIdC/a.out"

Compiling the CXX compiler identification source file "CMakeCXXCompilerId.cpp" succeeded.
Compiler: /usr/bin/clang++ 
Build flags: 
Id flags:  

The output was:
0


Compilation of the CXX compiler identification source "CMakeCXXCompilerId.cpp" produced "a.out"

The CXX compiler identification is Clang, found in "/home/pi/Desktop/Ten-Pin-Bowling-Imaging/release/CMakeFiles/3.13.4/CompilerIdCXX/a.out"

Determining if the C compiler works passed with the following output:
Change Dir: /home/pi/Desktop/Ten-Pin-Bowling-Imaging/release/CMakeFiles/CMakeTmp

Run Build Command:"/usr/bin/make" "cmTC_d3e5a/fast"
/usr/bin/make -f CMakeFiles/cmTC_d3e5a.dir/build.make CMakeFiles/cmTC_d3e5a.dir/build
make[1]: Entering directory '/home/pi/Desktop/Ten-Pin-Bowling-Imaging/release/CMakeFiles/CMakeTmp'
Building C object CMakeFiles/cmTC_d3e5a.dir/testCCompiler.c.o
/usr/bin/clang    -o CMakeFiles/cmTC_d3e5a.dir/testCCompiler.c.o   -c /home/pi/Desktop/Ten-Pin-Bowling-Imaging/release/CMakeFiles/CMakeTmp/testCCompiler.c
Linking C executable cmTC_d3e5a
/usr/bin/cmake -E cmake_link_script CMakeFiles/cmTC_d3e5a.dir/link.txt --verbose=1
/usr/bin/clang      -rdynamic CMakeFiles/cmTC_d3e5a.dir/testCCompiler.c.o  -o cmTC_d3e5a 
make[1]: Leaving directory '/home/pi/Desktop/Ten-Pin-Bowling-Imaging/release/CMakeFiles/CMakeTmp'


Detecting C compiler ABI info compiled with the following output:
Change Dir: /home/pi/Desktop/Ten-Pin-Bowling-Imaging/release/CMakeFiles/CMakeTmp

Run Build Command:"/usr/bin/make" "cmTC_9fd67/fast"
/usr/bin/make -f CMakeFiles/cmTC_9fd67.dir/build.make CMakeFiles/cmTC_9fd67.dir/build
make[1]: Entering directory '/home/pi/Desktop/Ten-Pin-Bowling-Imaging/release/CMakeFiles/CMakeTmp'
Building C object CMakeFiles/cmTC_9fd67.dir/CMakeCCompilerABI.c.o
/usr/bin/clang    -o CMakeFiles/cmTC_9fd67.dir/CMakeCCompilerABI.c.o   -c /usr/share/cmake-3.13/Modules/CMakeCCompilerABI.c
Linking C executable cmTC_9fd67
/usr/bin/cmake -E cmake_link_script CMakeFiles/cmTC_9fd67.dir/link.txt --verbose=1
/usr/bin/clang     -v -rdynamic CMakeFiles/cmTC_9fd67.dir/CMakeCCompilerABI.c.o  -o cmTC_9fd67 
clang version 7.0.1-8+rpi3 (tags/RELEASE_701/final)
Target: armv6k-unknown-linux-gnueabihf
Thread model: posix
InstalledDir: /usr/bin
Found candidate GCC installation: /usr/bin/../lib/gcc/arm-linux-gnueabihf/4.9
Found candidate GCC installation: /usr/bin/../lib/gcc/arm-linux-gnueabihf/4.9.4
Found candidate GCC installation: /usr/bin/../lib/gcc/arm-linux-gnueabihf/5
Found candidate GCC installation: /usr/bin/../lib/gcc/arm-linux-gnueabihf/5.5.0
Found candidate GCC installation: /usr/bin/../lib/gcc/arm-linux-gnueabihf/6
Found candidate GCC installation: /usr/bin/../lib/gcc/arm-linux-gnueabihf/6.5.0
Found candidate GCC installation: /usr/bin/../lib/gcc/arm-linux-gnueabihf/7
Found candidate GCC installation: /usr/bin/../lib/gcc/arm-linux-gnueabihf/7.3.0
Found candidate GCC installation: /usr/bin/../lib/gcc/arm-linux-gnueabihf/8
Found candidate GCC installation: /usr/lib/gcc/arm-linux-gnueabihf/4.9
Found candidate GCC installation: /usr/lib/gcc/arm-linux-gnueabihf/4.9.4
Found candidate GCC installation: /usr/lib/gcc/arm-linux-gnueabihf/5
Found candidate GCC installation: /usr/lib/gcc/arm-linux-gnueabihf/5.5.0
Found candidate GCC installation: /usr/lib/gcc/arm-linux-gnueabihf/6
Found candidate GCC installation: /usr/lib/gcc/arm-linux-gnueabihf/6.5.0
Found candidate GCC installation: /usr/lib/gcc/arm-linux-gnueabihf/7
Found candidate GCC installation: /usr/lib/gcc/arm-linux-gnueabihf/7.3.0
Found candidate GCC installation: /usr/lib/gcc/arm-linux-gnueabihf/8
Selected GCC installation: /usr/bin/../lib/gcc/arm-linux-gnueabihf/8
Candidate multilib: .;@m32
Selected multilib: .;@m32
 "/usr/bin/ld" -export-dynamic -X --hash-style=both --build-id --eh-frame-hdr -m armelf_linux_eabi -export-dynamic -dynamic-linker /lib/ld-linux-armhf.so.3 -o cmTC_9fd67 /usr/bin/../lib/gcc/arm-linux-gnueabihf/8/../../../arm-linux-gnueabihf/crt1.o /usr/bin/../lib/gcc/arm-linux-gnueabihf/8/../../../arm-linux-gnueabihf/crti.o /usr/bin/../lib/gcc/arm-linux-gnueabihf/8/crtbegin.o -L/usr/bin/../lib/gcc/arm-linux-gnueabihf/8 -L/usr/bin/../lib/gcc/arm-linux-gnueabihf/8/../../../arm-linux-gnueabihf -L/usr/bin/../lib/gcc/arm-linux-gnueabihf/8/../../../../lib -L/usr/lib/llvm-7/bin/../lib -L/lib/arm-linux-gnueabihf -L/lib/../lib -L/usr/lib/arm-linux-gnueabihf -L/usr/lib/../lib -L/usr/lib/arm-linux-gnueabihf/../../lib -L/usr/bin/../lib/gcc/arm-linux-gnueabihf/8/../../.. -L/usr/lib/llvm-7/bin/../lib -L/lib -L/usr/lib CMakeFiles/cmTC_9fd67.dir/CMakeCCompilerABI.c.o -lgcc --as-needed -lgcc_s --no-as-needed -lc -lgcc --as-needed -lgcc_s --no-as-needed /usr/bin/../lib/gcc/arm-linux-gnueabihf/8/crtend.o /usr/bin/../lib/gcc/arm-linux-gnueabihf/8/../../../arm-linux-gnueabihf/crtn.o
make[1]: Leaving directory '/home/pi/Desktop/Ten-Pin-Bowling-Imaging/release/CMakeFiles/CMakeTmp'


Parsed C implicit link information from above output:
  link line regex: [^( *|.*[/\])(ld|CMAKE_LINK_STARTFILE-NOTFOUND|([^/\]+-)?ld|collect2)[^/\]*( |$)]
  ignore line: [Change Dir: /home/pi/Desktop/Ten-Pin-Bowling-Imaging/release/CMakeFiles/CMakeTmp]
  ignore line: []
  ignore line: [Run Build Command:"/usr/bin/make" "cmTC_9fd67/fast"]
  ignore line: [/usr/bin/make -f CMakeFiles/cmTC_9fd67.dir/build.make CMakeFiles/cmTC_9fd67.dir/build]
  ignore line: [make[1]: Entering directory '/home/pi/Desktop/Ten-Pin-Bowling-Imaging/release/CMakeFiles/CMakeTmp']
  ignore line: [Building C object CMakeFiles/cmTC_9fd67.dir/CMakeCCompilerABI.c.o]
  ignore line: [/usr/bin/clang    -o CMakeFiles/cmTC_9fd67.dir/CMakeCCompilerABI.c.o   -c /usr/share/cmake-3.13/Modules/CMakeCCompilerABI.c]
  ignore line: [Linking C executable cmTC_9fd67]
  ignore line: [/usr/bin/cmake -E cmake_link_script CMakeFiles/cmTC_9fd67.dir/link.txt --verbose=1]
  ignore line: [/usr/bin/clang     -v -rdynamic CMakeFiles/cmTC_9fd67.dir/CMakeCCompilerABI.c.o  -o cmTC_9fd67 ]
  ignore line: [clang version 7.0.1-8+rpi3 (tags/RELEASE_701/final)]
  ignore line: [Target: armv6k-unknown-linux-gnueabihf]
  ignore line: [Thread model: posix]
  ignore line: [InstalledDir: /usr/bin]
  ignore line: [Found candidate GCC installation: /usr/bin/../lib/gcc/arm-linux-gnueabihf/4.9]
  ignore line: [Found candidate GCC installation: /usr/bin/../lib/gcc/arm-linux-gnueabihf/4.9.4]
  ignore line: [Found candidate GCC installation: /usr/bin/../lib/gcc/arm-linux-gnueabihf/5]
  ignore line: [Found candidate GCC installation: /usr/bin/../lib/gcc/arm-linux-gnueabihf/5.5.0]
  ignore line: [Found candidate GCC installation: /usr/bin/../lib/gcc/arm-linux-gnueabihf/6]
  ignore line: [Found candidate GCC installation: /usr/bin/../lib/gcc/arm-linux-gnueabihf/6.5.0]
  ignore line: [Found candidate GCC installation: /usr/bin/../lib/gcc/arm-linux-gnueabihf/7]
  ignore line: [Found candidate GCC installation: /usr/bin/../lib/gcc/arm-linux-gnueabihf/7.3.0]
  ignore line: [Found candidate GCC installation: /usr/bin/../lib/gcc/arm-linux-gnueabihf/8]
  ignore line: [Found candidate GCC installation: /usr/lib/gcc/arm-linux-gnueabihf/4.9]
  ignore line: [Found candidate GCC installation: /usr/lib/gcc/arm-linux-gnueabihf/4.9.4]
  ignore line: [Found candidate GCC installation: /usr/lib/gcc/arm-linux-gnueabihf/5]
  ignore line: [Found candidate GCC installation: /usr/lib/gcc/arm-linux-gnueabihf/5.5.0]
  ignore line: [Found candidate GCC installation: /usr/lib/gcc/arm-linux-gnueabihf/6]
  ignore line: [Found candidate GCC installation: /usr/lib/gcc/arm-linux-gnueabihf/6.5.0]
  ignore line: [Found candidate GCC installation: /usr/lib/gcc/arm-linux-gnueabihf/7]
  ignore line: [Found candidate GCC installation: /usr/lib/gcc/arm-linux-gnueabihf/7.3.0]
  ignore line: [Found candidate GCC installation: /usr/lib/gcc/arm-linux-gnueabihf/8]
  ignore line: [Selected GCC installation: /usr/bin/../lib/gcc/arm-linux-gnueabihf/8]
  ignore line: [Candidate multilib: .]
  ignore line: [@m32]
  ignore line: [Selected multilib: .]
  ignore line: [@m32]
  link line: [ "/usr/bin/ld" -export-dynamic -X --hash-style=both --build-id --eh-frame-hdr -m armelf_linux_eabi -export-dynamic -dynamic-linker /lib/ld-linux-armhf.so.3 -o cmTC_9fd67 /usr/bin/../lib/gcc/arm-linux-gnueabihf/8/../../../arm-linux-gnueabihf/crt1.o /usr/bin/../lib/gcc/arm-linux-gnueabihf/8/../../../arm-linux-gnueabihf/crti.o /usr/bin/../lib/gcc/arm-linux-gnueabihf/8/crtbegin.o -L/usr/bin/../lib/gcc/arm-linux-gnueabihf/8 -L/usr/bin/../lib/gcc/arm-linux-gnueabihf/8/../../../arm-linux-gnueabihf -L/usr/bin/../lib/gcc/arm-linux-gnueabihf/8/../../../../lib -L/usr/lib/llvm-7/bin/../lib -L/lib/arm-linux-gnueabihf -L/lib/../lib -L/usr/lib/arm-linux-gnueabihf -L/usr/lib/../lib -L/usr/lib/arm-linux-gnueabihf/../../lib -L/usr/bin/../lib/gcc/arm-linux-gnueabihf/8/../../.. -L/usr/lib/llvm-7/bin/../lib -L/lib -L/usr/lib CMakeFiles/cmTC_9fd67.dir/CMakeCCompilerABI.c.o -lgcc --as-needed -lgcc_s --no-as-needed -lc -lgcc --as-needed -lgcc_s --no-as-needed /usr/bin/../lib/gcc/arm-linux-gnueabihf/8/crtend.o /usr/bin/../lib/gcc/arm-linux-gnueabihf/8/../../../arm-linux-gnueabihf/crtn.o]
    arg [/usr/bin/ld] ==> ignore
    arg [-export-dynamic] ==> ignore
    arg [-X] ==> ignore
    arg [--hash-style=both] ==> ignore
    arg [--build-id] ==> ignore
    arg [--eh-frame-hdr] ==> ignore
    arg [-m] ==> ignore
    arg [armelf_linux_eabi] ==> ignore
    arg [-export-dynamic] ==> ignore
    arg [-dynamic-linker] ==> ignore
    arg [/lib/ld-linux-armhf.so.3] ==> ignore
    arg [-o] ==> ignore
    arg [cmTC_9fd67] ==> ignore
    arg [/usr/bin/../lib/gcc/arm-linux-gnueabihf/8/../../../arm-linux-gnueabihf/crt1.o] ==> ignore
    arg [/usr/bin/../lib/gcc/arm-linux-gnueabihf/8/../../../arm-linux-gnueabihf/crti.o] ==> ignore
    arg [/usr/bin/../lib/gcc/arm-linux-gnueabihf/8/crtbegin.o] ==> ignore
    arg [-L/usr/bin/../lib/gcc/arm-linux-gnueabihf/8] ==> dir [/usr/bin/../lib/gcc/arm-linux-gnueabihf/8]
    arg [-L/usr/bin/../lib/gcc/arm-linux-gnueabihf/8/../../../arm-linux-gnueabihf] ==> dir [/usr/bin/../lib/gcc/arm-linux-gnueabihf/8/../../../arm-linux-gnueabihf]
    arg [-L/usr/bin/../lib/gcc/arm-linux-gnueabihf/8/../../../../lib] ==> dir [/usr/bin/../lib/gcc/arm-linux-gnueabihf/8/../../../../lib]
    arg [-L/usr/lib/llvm-7/bin/../lib] ==> dir [/usr/lib/llvm-7/bin/../lib]
    arg [-L/lib/arm-linux-gnueabihf] ==> dir [/lib/arm-linux-gnueabihf]
    arg [-L/lib/../lib] ==> dir [/lib/../lib]
    arg [-L/usr/lib/arm-linux-gnueabihf] ==> dir [/usr/lib/arm-linux-gnueabihf]
    arg [-L/usr/lib/../lib] ==> dir [/usr/lib/../lib]
    arg [-L/usr/lib/arm-linux-gnueabihf/../../lib] ==> dir [/usr/lib/arm-linux-gnueabihf/../../lib]
    arg [-L/usr/bin/../lib/gcc/arm-linux-gnueabihf/8/../../..] ==> dir [/usr/bin/../lib/gcc/arm-linux-gnueabihf/8/../../..]
    arg [-L/usr/lib/llvm-7/bin/../lib] ==> dir [/usr/lib/llvm-7/bin/../lib]
    arg [-L/lib] ==> dir [/lib]
    arg [-L/usr/lib] ==> dir [/usr/lib]
    arg [CMakeFiles/cmTC_9fd67.dir/CMakeCCompilerABI.c.o] ==> ignore
    arg [-lgcc] ==> lib [gcc]
    arg [--as-needed] ==> ignore
    arg [-lgcc_s] ==> lib [gcc_s]
    arg [--no-as-needed] ==> ignore
    arg [-lc] ==> lib [c]
    arg [-lgcc] ==> lib [gcc]
    arg [--as-needed] ==> ignore
    arg [-lgcc_s] ==> lib [gcc_s]
    arg [--no-as-needed] ==> ignore
    arg [/usr/bin/../lib/gcc/arm-linux-gnueabihf/8/crtend.o] ==> ignore
    arg [/usr/bin/../lib/gcc/arm-linux-gnueabihf/8/../../../arm-linux-gnueabihf/crtn.o] ==> ignore
  collapse library dir [/usr/bin/../lib/gcc/arm-linux-gnueabihf/8] ==> [/usr/lib/gcc/arm-linux-gnueabihf/8]
  collapse library dir [/usr/bin/../lib/gcc/arm-linux-gnueabihf/8/../../../arm-linux-gnueabihf] ==> [/usr/lib/arm-linux-gnueabihf]
  collapse library dir [/usr/bin/../lib/gcc/arm-linux-gnueabihf/8/../../../../lib] ==> [/usr/lib]
  collapse library dir [/usr/lib/llvm-7/bin/../lib] ==> [/usr/lib/llvm-7/lib]
  collapse library dir [/lib/arm-linux-gnueabihf] ==> [/lib/arm-linux-gnueabihf]
  collapse library dir [/lib/../lib] ==> [/lib]
  collapse library dir [/usr/lib/arm-linux-gnueabihf] ==> [/usr/lib/arm-linux-gnueabihf]
  collapse library dir [/usr/lib/../lib] ==> [/usr/lib]
  collapse library dir [/usr/lib/arm-linux-gnueabihf/../../lib] ==> [/usr/lib]
  collapse library dir [/usr/bin/../lib/gcc/arm-linux-gnueabihf/8/../../..] ==> [/usr/lib]
  collapse library dir [/usr/lib/llvm-7/bin/../lib] ==> [/usr/lib/llvm-7/lib]
  collapse library dir [/lib] ==> [/lib]
  collapse library dir [/usr/lib] ==> [/usr/lib]
  implicit libs: [gcc;gcc_s;c;gcc;gcc_s]
  implicit dirs: [/usr/lib/gcc/arm-linux-gnueabihf/8;/usr/lib/arm-linux-gnueabihf;/usr/lib;/usr/lib/llvm-7/lib;/lib/arm-linux-gnueabihf;/lib]
  implicit fwks: []




Detecting C [-std=c11] compiler features compiled with the following output:
Change Dir: /home/pi/Desktop/Ten-Pin-Bowling-Imaging/release/CMakeFiles/CMakeTmp

Run Build Command:"/usr/bin/make" "cmTC_3ebe3/fast"
/usr/bin/make -f CMakeFiles/cmTC_3ebe3.dir/build.make CMakeFiles/cmTC_3ebe3.dir/build
make[1]: Entering directory '/home/pi/Desktop/Ten-Pin-Bowling-Imaging/release/CMakeFiles/CMakeTmp'
Building C object CMakeFiles/cmTC_3ebe3.dir/feature_tests.c.o
/usr/bin/clang   -std=c11 -o CMakeFiles/cmTC_3ebe3.dir/feature_tests.c.o   -c /home/pi/Desktop/Ten-Pin-Bowling-Imaging/release/CMakeFiles/feature_tests.c
Linking C executable cmTC_3ebe3
/usr/bin/cmake -E cmake_link_script CMakeFiles/cmTC_3ebe3.dir/link.txt --verbose=1
/usr/bin/clang      -rdynamic CMakeFiles/cmTC_3ebe3.dir/feature_tests.c.o  -o cmTC_3ebe3 
make[1]: Leaving directory '/home/pi/Desktop/Ten-Pin-Bowling-Imaging/release/CMakeFiles/CMakeTmp'


    Feature record: C_FEATURE:1c_function_prototypes
    Feature record: C_FEATURE:1c_restrict
    Feature record: C_FEATURE:1c_static_assert
    Feature record: C_FEATURE:1c_variadic_macros


Detecting C [-std=c99] compiler features compiled with the following output:
Change Dir: /home/pi/Desktop/Ten-Pin-Bowling-Imaging/release/CMakeFiles/CMakeTmp

Run Build Command:"/usr/bin/make" "cmTC_1a46c/fast"
/usr/bin/make -f CMakeFiles/cmTC_1a46c.dir/build.make CMakeFiles/cmTC_1a46c.dir/build
make[1]: Entering directory '/home/pi/Desktop/Ten-Pin-Bowling-Imaging/release/CMakeFiles/CMakeTmp'
Building C object CMakeFiles/cmTC_1a46c.dir/feature_tests.c.o
/usr/bin/clang   -std=c99 -o CMakeFiles/cmTC_1a46c.dir/feature_tests.c.o   -c /home/pi/Desktop/Ten-Pin-Bowling-Imaging/release/CMakeFiles/feature_tests.c
Linking C executable cmTC_1a46c
/usr/bin/cmake -E cmake_link_script CMakeFiles/cmTC_1a46c.dir/link.txt --verbose=1
/usr/bin/clang      -rdynamic CMakeFiles/cmTC_1a46c.dir/feature_tests.c.o  -o cmTC_1a46c 
make[1]: Leaving directory '/home/pi/Desktop/Ten-Pin-Bowling-Imaging/release/CMakeFiles/CMakeTmp'


    Feature record: C_FEATURE:1c_function_prototypes
    Feature record: C_FEATURE:1c_restrict
    Feature record: C_FEATURE:0c_static_assert
    Feature record: C_FEATURE:1c_variadic_macros


Detecting C [-std=c90] compiler features compiled with the following output:
Change Dir: /home/pi/Desktop/Ten-Pin-Bowling-Imaging/release/CMakeFiles/CMakeTmp

Run Build Command:"/usr/bin/make" "cmTC_6731d/fast"
/usr/bin/make -f CMakeFiles/cmTC_6731d.dir/build.make CMakeFiles/cmTC_6731d.dir/build
make[1]: Entering directory '/home/pi/Desktop/Ten-Pin-Bowling-Imaging/release/CMakeFiles/CMakeTmp'
Building C object CMakeFiles/cmTC_6731d.dir/feature_tests.c.o
/usr/bin/clang   -std=c90 -o CMakeFiles/cmTC_6731d.dir/feature_tests.c.o   -c /home/pi/Desktop/Ten-Pin-Bowling-Imaging/release/CMakeFiles/feature_tests.c
Linking C executable cmTC_6731d
/usr/bin/cmake -E cmake_link_script CMakeFiles/cmTC_6731d.dir/link.txt --verbose=1
/usr/bin/clang      -rdynamic CMakeFiles/cmTC_6731d.dir/feature_tests.c.o  -o cmTC_6731d 
make[1]: Leaving directory '/home/pi/Desktop/Ten-Pin-Bowling-Imaging/release/CMakeFiles/CMakeTmp'


    Feature record: C_FEATURE:1c_function_prototypes
    Feature record: C_FEATURE:0c_restrict
    Feature record: C_FEATURE:0c_static_assert
    Feature record: C_FEATURE:0c_variadic_macros
Determining if the CXX compiler works passed with the following output:
Change Dir: /home/pi/Desktop/Ten-Pin-Bowling-Imaging/release/CMakeFiles/CMakeTmp

Run Build Command:"/usr/bin/make" "cmTC_f9271/fast"
/usr/bin/make -f CMakeFiles/cmTC_f9271.dir/build.make CMakeFiles/cmTC_f9271.dir/build
make[1]: Entering directory '/home/pi/Desktop/Ten-Pin-Bowling-Imaging/release/CMakeFiles/CMakeTmp'
Building CXX object CMakeFiles/cmTC_f9271.dir/testCXXCompiler.cxx.o
/usr/bin/clang++     -o CMakeFiles/cmTC_f9271.dir/testCXXCompiler.cxx.o -c /home/pi/Desktop/Ten-Pin-Bowling-Imaging/release/CMakeFiles/CMakeTmp/testCXXCompiler.cxx
Linking CXX executable cmTC_f9271
/usr/bin/cmake -E cmake_link_script CMakeFiles/cmTC_f9271.dir/link.txt --verbose=1
/usr/bin/clang++       -rdynamic CMakeFiles/cmTC_f9271.dir/testCXXCompiler.cxx.o  -o cmTC_f9271 
make[1]: Leaving directory '/home/pi/Desktop/Ten-Pin-Bowling-Imaging/release/CMakeFiles/CMakeTmp'


Detecting CXX compiler ABI info compiled with the following output:
Change Dir: /home/pi/Desktop/Ten-Pin-Bowling-Imaging/release/CMakeFiles/CMakeTmp

Run Build Command:"/usr/bin/make" "cmTC_9372a/fast"
/usr/bin/make -f CMakeFiles/cmTC_9372a.dir/build.make CMakeFiles/cmTC_9372a.dir/build
make[1]: Entering directory '/home/pi/Desktop/Ten-Pin-Bowling-Imaging/release/CMakeFiles/CMakeTmp'
Building CXX object CMakeFiles/cmTC_9372a.dir/CMakeCXXCompilerABI.cpp.o
/usr/bin/clang++     -o CMakeFiles/cmTC_9372a.dir/CMakeCXXCompilerABI.cpp.o -c /usr/share/cmake-3.13/Modules/CMakeCXXCompilerABI.cpp
Linking CXX executable cmTC_9372a
/usr/bin/cmake -E cmake_link_script CMakeFiles/cmTC_9372a.dir/link.txt --verbose=1
/usr/bin/clang++      -v -rdynamic CMakeFiles/cmTC_9372a.dir/CMakeCXXCompilerABI.cpp.o  -o cmTC_9372a 
clang version 7.0.1-8+rpi3 (tags/RELEASE_701/final)
Target: armv6k-unknown-linux-gnueabihf
Thread model: posix
InstalledDir: /usr/bin
Found candidate GCC installation: /usr/bin/../lib/gcc/arm-linux-gnueabihf/4.9
Found candidate GCC installation: /usr/bin/../lib/gcc/arm-linux-gnueabihf/4.9.4
Found candidate GCC installation: /usr/bin/../lib/gcc/arm-linux-gnueabihf/5
Found candidate GCC installation: /usr/bin/../lib/gcc/arm-linux-gnueabihf/5.5.0
Found candidate GCC installation: /usr/bin/../lib/gcc/arm-linux-gnueabihf/6
Found candidate GCC installation: /usr/bin/../lib/gcc/arm-linux-gnueabihf/6.5.0
Found candidate GCC installation: /usr/bin/../lib/gcc/arm-linux-gnueabihf/7
Found candidate GCC installation: /usr/bin/../lib/gcc/arm-linux-gnueabihf/7.3.0
Found candidate GCC installation: /usr/bin/../lib/gcc/arm-linux-gnueabihf/8
Found candidate GCC installation: /usr/lib/gcc/arm-linux-gnueabihf/4.9
Found candidate GCC installation: /usr/lib/gcc/arm-linux-gnueabihf/4.9.4
Found candidate GCC installation: /usr/lib/gcc/arm-linux-gnueabihf/5
Found candidate GCC installation: /usr/lib/gcc/arm-linux-gnueabihf/5.5.0
Found candidate GCC installation: /usr/lib/gcc/arm-linux-gnueabihf/6
Found candidate GCC installation: /usr/lib/gcc/arm-linux-gnueabihf/6.5.0
Found candidate GCC installation: /usr/lib/gcc/arm-linux-gnueabihf/7
Found candidate GCC installation: /usr/lib/gcc/arm-linux-gnueabihf/7.3.0
Found candidate GCC installation: /usr/lib/gcc/arm-linux-gnueabihf/8
Selected GCC installation: /usr/bin/../lib/gcc/arm-linux-gnueabihf/8
Candidate multilib: .;@m32
Selected multilib: .;@m32
 "/usr/bin/ld" -export-dynamic -X --hash-style=both --build-id --eh-frame-hdr -m armelf_linux_eabi -export-dynamic -dynamic-linker /lib/ld-linux-armhf.so.3 -o cmTC_9372a /usr/bin/../lib/gcc/arm-linux-gnueabihf/8/../../../arm-linux-gnueabihf/crt1.o /usr/bin/../lib/gcc/arm-linux-gnueabihf/8/../../../arm-linux-gnueabihf/crti.o /usr/bin/../lib/gcc/arm-linux-gnueabihf/8/crtbegin.o -L/usr/bin/../lib/gcc/arm-linux-gnueabihf/8 -L/usr/bin/../lib/gcc/arm-linux-gnueabihf/8/../../../arm-linux-gnueabihf -L/usr/bin/../lib/gcc/arm-linux-gnueabihf/8/../../../../lib -L/usr/lib/llvm-7/bin/../lib -L/lib/arm-linux-gnueabihf -L/lib/../lib -L/usr/lib/arm-linux-gnueabihf -L/usr/lib/../lib -L/usr/lib/arm-linux-gnueabihf/../../lib -L/usr/bin/../lib/gcc/arm-linux-gnueabihf/8/../../.. -L/usr/lib/llvm-7/bin/../lib -L/lib -L/usr/lib CMakeFiles/cmTC_9372a.dir/CMakeCXXCompilerABI.cpp.o -lstdc++ -lm -lgcc_s -lgcc -lc -lgcc_s -lgcc /usr/bin/../lib/gcc/arm-linux-gnueabihf/8/crtend.o /usr/bin/../lib/gcc/arm-linux-gnueabihf/8/../../../arm-linux-gnueabihf/crtn.o
make[1]: Leaving directory '/home/pi/Desktop/Ten-Pin-Bowling-Imaging/release/CMakeFiles/CMakeTmp'


Parsed CXX implicit link information from above output:
  link line regex: [^( *|.*[/\])(ld|CMAKE_LINK_STARTFILE-NOTFOUND|([^/\]+-)?ld|collect2)[^/\]*( |$)]
  ignore line: [Change Dir: /home/pi/Desktop/Ten-Pin-Bowling-Imaging/release/CMakeFiles/CMakeTmp]
  ignore line: []
  ignore line: [Run Build Command:"/usr/bin/make" "cmTC_9372a/fast"]
  ignore line: [/usr/bin/make -f CMakeFiles/cmTC_9372a.dir/build.make CMakeFiles/cmTC_9372a.dir/build]
  ignore line: [make[1]: Entering directory '/home/pi/Desktop/Ten-Pin-Bowling-Imaging/release/CMakeFiles/CMakeTmp']
  ignore line: [Building CXX object CMakeFiles/cmTC_9372a.dir/CMakeCXXCompilerABI.cpp.o]
  ignore line: [/usr/bin/clang++     -o CMakeFiles/cmTC_9372a.dir/CMakeCXXCompilerABI.cpp.o -c /usr/share/cmake-3.13/Modules/CMakeCXXCompilerABI.cpp]
  ignore line: [Linking CXX executable cmTC_9372a]
  ignore line: [/usr/bin/cmake -E cmake_link_script CMakeFiles/cmTC_9372a.dir/link.txt --verbose=1]
  ignore line: [/usr/bin/clang++      -v -rdynamic CMakeFiles/cmTC_9372a.dir/CMakeCXXCompilerABI.cpp.o  -o cmTC_9372a ]
  ignore line: [clang version 7.0.1-8+rpi3 (tags/RELEASE_701/final)]
  ignore line: [Target: armv6k-unknown-linux-gnueabihf]
  ignore line: [Thread model: posix]
  ignore line: [InstalledDir: /usr/bin]
  ignore line: [Found candidate GCC installation: /usr/bin/../lib/gcc/arm-linux-gnueabihf/4.9]
  ignore line: [Found candidate GCC installation: /usr/bin/../lib/gcc/arm-linux-gnueabihf/4.9.4]
  ignore line: [Found candidate GCC installation: /usr/bin/../lib/gcc/arm-linux-gnueabihf/5]
  ignore line: [Found candidate GCC installation: /usr/bin/../lib/gcc/arm-linux-gnueabihf/5.5.0]
  ignore line: [Found candidate GCC installation: /usr/bin/../lib/gcc/arm-linux-gnueabihf/6]
  ignore line: [Found candidate GCC installation: /usr/bin/../lib/gcc/arm-linux-gnueabihf/6.5.0]
  ignore line: [Found candidate GCC installation: /usr/bin/../lib/gcc/arm-linux-gnueabihf/7]
  ignore line: [Found candidate GCC installation: /usr/bin/../lib/gcc/arm-linux-gnueabihf/7.3.0]
  ignore line: [Found candidate GCC installation: /usr/bin/../lib/gcc/arm-linux-gnueabihf/8]
  ignore line: [Found candidate GCC installation: /usr/lib/gcc/arm-linux-gnueabihf/4.9]
  ignore line: [Found candidate GCC installation: /usr/lib/gcc/arm-linux-gnueabihf/4.9.4]
  ignore line: [Found candidate GCC installation: /usr/lib/gcc/arm-linux-gnueabihf/5]
  ignore line: [Found candidate GCC installation: /usr/lib/gcc/arm-linux-gnueabihf/5.5.0]
  ignore line: [Found candidate GCC installation: /usr/lib/gcc/arm-linux-gnueabihf/6]
  ignore line: [Found candidate GCC installation: /usr/lib/gcc/arm-linux-gnueabihf/6.5.0]
  ignore line: [Found candidate GCC installation: /usr/lib/gcc/arm-linux-gnueabihf/7]
  ignore line: [Found candidate GCC installation: /usr/lib/gcc/arm-linux-gnueabihf/7.3.0]
  ignore line: [Found candidate GCC installation: /usr/lib/gcc/arm-linux-gnueabihf/8]
  ignore line: [Selected GCC installation: /usr/bin/../lib/gcc/arm-linux-gnueabihf/8]
  ignore line: [Candidate multilib: .]
  ignore line: [@m32]
  ignore line: [Selected multilib: .]
  ignore line: [@m32]
  link line: [ "/usr/bin/ld" -export-dynamic -X --hash-style=both --build-id --eh-frame-hdr -m armelf_linux_eabi -export-dynamic -dynamic-linker /lib/ld-linux-armhf.so.3 -o cmTC_9372a /usr/bin/../lib/gcc/arm-linux-gnueabihf/8/../../../arm-linux-gnueabihf/crt1.o /usr/bin/../lib/gcc/arm-linux-gnueabihf/8/../../../arm-linux-gnueabihf/crti.o /usr/bin/../lib/gcc/arm-linux-gnueabihf/8/crtbegin.o -L/usr/bin/../lib/gcc/arm-linux-gnueabihf/8 -L/usr/bin/../lib/gcc/arm-linux-gnueabihf/8/../../../arm-linux-gnueabihf -L/usr/bin/../lib/gcc/arm-linux-gnueabihf/8/../../../../lib -L/usr/lib/llvm-7/bin/../lib -L/lib/arm-linux-gnueabihf -L/lib/../lib -L/usr/lib/arm-linux-gnueabihf -L/usr/lib/../lib -L/usr/lib/arm-linux-gnueabihf/../../lib -L/usr/bin/../lib/gcc/arm-linux-gnueabihf/8/../../.. -L/usr/lib/llvm-7/bin/../lib -L/lib -L/usr/lib CMakeFiles/cmTC_9372a.dir/CMakeCXXCompilerABI.cpp.o -lstdc++ -lm -lgcc_s -lgcc -lc -lgcc_s -lgcc /usr/bin/../lib/gcc/arm-linux-gnueabihf/8/crtend.o /usr/bin/../lib/gcc/arm-linux-gnueabihf/8/../../../arm-linux-gnueabihf/crtn.o]
    arg [/usr/bin/ld] ==> ignore
    arg [-export-dynamic] ==> ignore
    arg [-X] ==> ignore
    arg [--hash-style=both] ==> ignore
    arg [--build-id] ==> ignore
    arg [--eh-frame-hdr] ==> ignore
    arg [-m] ==> ignore
    arg [armelf_linux_eabi] ==> ignore
    arg [-export-dynamic] ==> ignore
    arg [-dynamic-linker] ==> ignore
    arg [/lib/ld-linux-armhf.so.3] ==> ignore
    arg [-o] ==> ignore
    arg [cmTC_9372a] ==> ignore
    arg [/usr/bin/../lib/gcc/arm-linux-gnueabihf/8/../../../arm-linux-gnueabihf/crt1.o] ==> ignore
    arg [/usr/bin/../lib/gcc/arm-linux-gnueabihf/8/../../../arm-linux-gnueabihf/crti.o] ==> ignore
    arg [/usr/bin/../lib/gcc/arm-linux-gnueabihf/8/crtbegin.o] ==> ignore
    arg [-L/usr/bin/../lib/gcc/arm-linux-gnueabihf/8] ==> dir [/usr/bin/../lib/gcc/arm-linux-gnueabihf/8]
    arg [-L/usr/bin/../lib/gcc/arm-linux-gnueabihf/8/../../../arm-linux-gnueabihf] ==> dir [/usr/bin/../lib/gcc/arm-linux-gnueabihf/8/../../../arm-linux-gnueabihf]
    arg [-L/usr/bin/../lib/gcc/arm-linux-gnueabihf/8/../../../../lib] ==> dir [/usr/bin/../lib/gcc/arm-linux-gnueabihf/8/../../../../lib]
    arg [-L/usr/lib/llvm-7/bin/../lib] ==> dir [/usr/lib/llvm-7/bin/../lib]
    arg [-L/lib/arm-linux-gnueabihf] ==> dir [/lib/arm-linux-gnueabihf]
    arg [-L/lib/../lib] ==> dir [/lib/../lib]
    arg [-L/usr/lib/arm-linux-gnueabihf] ==> dir [/usr/lib/arm-linux-gnueabihf]
    arg [-L/usr/lib/../lib] ==> dir [/usr/lib/../lib]
    arg [-L/usr/lib/arm-linux-gnueabihf/../../lib] ==> dir [/usr/lib/arm-linux-gnueabihf/../../lib]
    arg [-L/usr/bin/../lib/gcc/arm-linux-gnueabihf/8/../../..] ==> dir [/usr/bin/../lib/gcc/arm-linux-gnueabihf/8/../../..]
    arg [-L/usr/lib/llvm-7/bin/../lib] ==> dir [/usr/lib/llvm-7/bin/../lib]
    arg [-L/lib] ==> dir [/lib]
    arg [-L/usr/lib] ==> dir [/usr/lib]
    arg [CMakeFiles/cmTC_9372a.dir/CMakeCXXCompilerABI.cpp.o] ==> ignore
    arg [-lstdc++] ==> lib [stdc++]
    arg [-lm] ==> lib [m]
    arg [-lgcc_s] ==> lib [gcc_s]
    arg [-lgcc] ==> lib [gcc]
    arg [-lc] ==> lib [c]
    arg [-lgcc_s] ==> lib [gcc_s]
    arg [-lgcc] ==> lib [gcc]
    arg [/usr/bin/../lib/gcc/arm-linux-gnueabihf/8/crtend.o] ==> ignore
    arg [/usr/bin/../lib/gcc/arm-linux-gnueabihf/8/../../../arm-linux-gnueabihf/crtn.o] ==> ignore
  collapse library dir [/usr/bin/../lib/gcc/arm-linux-gnueabihf/8] ==> [/usr/lib/gcc/arm-linux-gnueabihf/8]
  collapse library dir [/usr/bin/../lib/gcc/arm-linux-gnueabihf/8/../../../arm-linux-gnueabihf] ==> [/usr/lib/arm-linux-gnueabihf]
  collapse library dir [/usr/bin/../lib/gcc/arm-linux-gnueabihf/8/../../../../lib] ==> [/usr/lib]
  collapse library dir [/usr/lib/llvm-7/bin/../lib] ==> [/usr/lib/llvm-7/lib]
  collapse library dir [/lib/arm-linux-gnueabihf] ==> [/lib/arm-linux-gnueabihf]
  collapse library dir [/lib/../lib] ==> [/lib]
  collapse library dir [/usr/lib/arm-linux-gnueabihf] ==> [/usr/lib/arm-linux-gnueabihf]
  collapse library dir [/usr/lib/../lib] ==> [/usr/lib]
  collapse library dir [/usr/lib/arm-linux-gnueabihf/../../lib] ==> [/usr/lib]
  collapse library dir [/usr/bin/../lib/gcc/arm-linux-gnueabihf/8/../../..] ==> [/usr/lib]
  collapse library dir [/usr/lib/llvm-7/bin/../lib] ==> [/usr/lib/llvm-7/lib]
  collapse library dir [/lib] ==> [/lib]
  collapse library dir [/usr/lib] ==> [/usr/lib]
  implicit libs: [stdc++;m;gcc_s;gcc;c;gcc_s;gcc]
  implicit dirs: [/usr/lib/gcc/arm-linux-gnueabihf/8;/usr/lib/arm-linux-gnueabihf;/usr/lib;/usr/lib/llvm-7/lib;/lib/arm-linux-gnueabihf;/lib]
  implicit fwks: []




Detecting CXX [-std=c++2a] compiler features compiled with the following output:
Change Dir: /home/pi/Desktop/Ten-Pin-Bowling-Imaging/release/CMakeFiles/CMakeTmp

Run Build Command:"/usr/bin/make" "cmTC_3fb48/fast"
/usr/bin/make -f CMakeFiles/cmTC_3fb48.dir/build.make CMakeFiles/cmTC_3fb48.dir/build
make[1]: Entering directory '/home/pi/Desktop/Ten-Pin-Bowling-Imaging/release/CMakeFiles/CMakeTmp'
Building CXX object CMakeFiles/cmTC_3fb48.dir/feature_tests.cxx.o
/usr/bin/clang++    -std=c++2a -o CMakeFiles/cmTC_3fb48.dir/feature_tests.cxx.o -c /home/pi/Desktop/Ten-Pin-Bowling-Imaging/release/CMakeFiles/feature_tests.cxx
Linking CXX executable cmTC_3fb48
/usr/bin/cmake -E cmake_link_script CMakeFiles/cmTC_3fb48.dir/link.txt --verbose=1
/usr/bin/clang++       -rdynamic CMakeFiles/cmTC_3fb48.dir/feature_tests.cxx.o  -o cmTC_3fb48 
make[1]: Leaving directory '/home/pi/Desktop/Ten-Pin-Bowling-Imaging/release/CMakeFiles/CMakeTmp'


    Feature record: CXX_FEATURE:1cxx_aggregate_default_initializers
    Feature record: CXX_FEATURE:1cxx_alias_templates
    Feature record: CXX_FEATURE:1cxx_alignas
    Feature record: CXX_FEATURE:1cxx_alignof
    Feature record: CXX_FEATURE:1cxx_attributes
    Feature record: CXX_FEATURE:1cxx_attribute_deprecated
    Feature record: CXX_FEATURE:1cxx_auto_type
    Feature record: CXX_FEATURE:1cxx_binary_literals
    Feature record: CXX_FEATURE:1cxx_constexpr
    Feature record: CXX_FEATURE:1cxx_contextual_conversions
    Feature record: CXX_FEATURE:1cxx_decltype
    Feature record: CXX_FEATURE:1cxx_decltype_auto
    Feature record: CXX_FEATURE:1cxx_decltype_incomplete_return_types
    Feature record: CXX_FEATURE:1cxx_default_function_template_args
    Feature record: CXX_FEATURE:1cxx_defaulted_functions
    Feature record: CXX_FEATURE:1cxx_defaulted_move_initializers
    Feature record: CXX_FEATURE:1cxx_delegating_constructors
    Feature record: CXX_FEATURE:1cxx_deleted_functions
    Feature record: CXX_FEATURE:1cxx_digit_separators
    Feature record: CXX_FEATURE:1cxx_enum_forward_declarations
    Feature record: CXX_FEATURE:1cxx_explicit_conversions
    Feature record: CXX_FEATURE:1cxx_extended_friend_declarations
    Feature record: CXX_FEATURE:1cxx_extern_templates
    Feature record: CXX_FEATURE:1cxx_final
    Feature record: CXX_FEATURE:1cxx_func_identifier
    Feature record: CXX_FEATURE:1cxx_generalized_initializers
    Feature record: CXX_FEATURE:1cxx_generic_lambdas
    Feature record: CXX_FEATURE:1cxx_inheriting_constructors
    Feature record: CXX_FEATURE:1cxx_inline_namespaces
    Feature record: CXX_FEATURE:1cxx_lambdas
    Feature record: CXX_FEATURE:1cxx_lambda_init_captures
    Feature record: CXX_FEATURE:1cxx_local_type_template_args
    Feature record: CXX_FEATURE:1cxx_long_long_type
    Feature record: CXX_FEATURE:1cxx_noexcept
    Feature record: CXX_FEATURE:1cxx_nonstatic_member_init
    Feature record: CXX_FEATURE:1cxx_nullptr
    Feature record: CXX_FEATURE:1cxx_override
    Feature record: CXX_FEATURE:1cxx_range_for
    Feature record: CXX_FEATURE:1cxx_raw_string_literals
    Feature record: CXX_FEATURE:1cxx_reference_qualified_functions
    Feature record: CXX_FEATURE:1cxx_relaxed_constexpr
    Feature record: CXX_FEATURE:1cxx_return_type_deduction
    Feature record: CXX_FEATURE:1cxx_right_angle_brackets
    Feature record: CXX_FEATURE:1cxx_rvalue_references
    Feature record: CXX_FEATURE:1cxx_sizeof_member
    Feature record: CXX_FEATURE:1cxx_static_assert
    Feature record: CXX_FEATURE:1cxx_strong_enums
    Feature record: CXX_FEATURE:1cxx_template_template_parameters
    Feature record: CXX_FEATURE:1cxx_thread_local
    Feature record: CXX_FEATURE:1cxx_trailing_return_types
    Feature record: CXX_FEATURE:1cxx_unicode_literals
    Feature record: CXX_FEATURE:1cxx_uniform_initialization
    Feature record: CXX_FEATURE:1cxx_unrestricted_unions
    Feature record: CXX_FEATURE:1cxx_user_literals
    Feature record: CXX_FEATURE:1cxx_variable_templates
    Feature record: CXX_FEATURE:1cxx_variadic_macros
    Feature record: CXX_FEATURE:1cxx_variadic_templates


Detecting CXX [-std=c++17] compiler features compiled with the following output:
Change Dir: /home/pi/Desktop/Ten-Pin-Bowling-Imaging/release/CMakeFiles/CMakeTmp

Run Build Command:"/usr/bin/make" "cmTC_4a086/fast"
/usr/bin/make -f CMakeFiles/cmTC_4a086.dir/build.make CMakeFiles/cmTC_4a086.dir/build
make[1]: Entering directory '/home/pi/Desktop/Ten-Pin-Bowling-Imaging/release/CMakeFiles/CMakeTmp'
Building CXX object CMakeFiles/cmTC_4a086.dir/feature_tests.cxx.o
/usr/bin/clang++    -std=c++17 -o CMakeFiles/cmTC_4a086.dir/feature_tests.cxx.o -c /home/pi/Desktop/Ten-Pin-Bowling-Imaging/release/CMakeFiles/feature_tests.cxx
Linking CXX executable cmTC_4a086
/usr/bin/cmake -E cmake_link_script CMakeFiles/cmTC_4a086.dir/link.txt --verbose=1
/usr/bin/clang++       -rdynamic CMakeFiles/cmTC_4a086.dir/feature_tests.cxx.o  -o cmTC_4a086 
make[1]: Leaving directory '/home/pi/Desktop/Ten-Pin-Bowling-Imaging/release/CMakeFiles/CMakeTmp'


    Feature record: CXX_FEATURE:1cxx_aggregate_default_initializers
    Feature record: CXX_FEATURE:1cxx_alias_templates
    Feature record: CXX_FEATURE:1cxx_alignas
    Feature record: CXX_FEATURE:1cxx_alignof
    Feature record: CXX_FEATURE:1cxx_attributes
    Feature record: CXX_FEATURE:1cxx_attribute_deprecated
    Feature record: CXX_FEATURE:1cxx_auto_type
    Feature record: CXX_FEATURE:1cxx_binary_literals
    Feature record: CXX_FEATURE:1cxx_constexpr
    Feature record: CXX_FEATURE:1cxx_contextual_conversions
    Feature record: CXX_FEATURE:1cxx_decltype
    Feature record: CXX_FEATURE:1cxx_decltype_auto
    Feature record: CXX_FEATURE:1cxx_decltype_incomplete_return_types
    Feature record: CXX_FEATURE:1cxx_default_function_template_args
    Feature record: CXX_FEATURE:1cxx_defaulted_functions
    Feature record: CXX_FEATURE:1cxx_defaulted_move_initializers
    Feature record: CXX_FEATURE:1cxx_delegating_constructors
    Feature record: CXX_FEATURE:1cxx_deleted_functions
    Feature record: CXX_FEATURE:1cxx_digit_separators
    Feature record: CXX_FEATURE:1cxx_enum_forward_declarations
    Feature record: CXX_FEATURE:1cxx_explicit_conversions
    Feature record: CXX_FEATURE:1cxx_extended_friend_declarations
    Feature record: CXX_FEATURE:1cxx_extern_templates
    Feature record: CXX_FEATURE:1cxx_final
    Feature record: CXX_FEATURE:1cxx_func_identifier
    Feature record: CXX_FEATURE:1cxx_generalized_initializers
    Feature record: CXX_FEATURE:1cxx_generic_lambdas
    Feature record: CXX_FEATURE:1cxx_inheriting_constructors
    Feature record: CXX_FEATURE:1cxx_inline_namespaces
    Feature record: CXX_FEATURE:1cxx_lambdas
    Feature record: CXX_FEATURE:1cxx_lambda_init_captures
    Feature record: CXX_FEATURE:1cxx_local_type_template_args
    Feature record: CXX_FEATURE:1cxx_long_long_type
    Feature record: CXX_FEATURE:1cxx_noexcept
    Feature record: CXX_FEATURE:1cxx_nonstatic_member_init
    Feature record: CXX_FEATURE:1cxx_nullptr
    Feature record: CXX_FEATURE:1cxx_override
    Feature record: CXX_FEATURE:1cxx_range_for
    Feature record: CXX_FEATURE:1cxx_raw_string_literals
    Feature record: CXX_FEATURE:1cxx_reference_qualified_functions
    Feature record: CXX_FEATURE:1cxx_relaxed_constexpr
    Feature record: CXX_FEATURE:1cxx_return_type_deduction
    Feature record: CXX_FEATURE:1cxx_right_angle_brackets
    Feature record: CXX_FEATURE:1cxx_rvalue_references
    Feature record: CXX_FEATURE:1cxx_sizeof_member
    Feature record: CXX_FEATURE:1cxx_static_assert
    Feature record: CXX_FEATURE:1cxx_strong_enums
    Feature record: CXX_FEATURE:1cxx_template_template_parameters
    Feature record: CXX_FEATURE:1cxx_thread_local
    Feature record: CXX_FEATURE:1cxx_trailing_return_types
    Feature record: CXX_FEATURE:1cxx_unicode_literals
    Feature record: CXX_FEATURE:1cxx_uniform_initialization
    Feature record: CXX_FEATURE:1cxx_unrestricted_unions
    Feature record: CXX_FEATURE:1cxx_user_literals
    Feature record: CXX_FEATURE:1cxx_variable_templates
    Feature record: CXX_FEATURE:1cxx_variadic_macros
    Feature record: CXX_FEATURE:1cxx_variadic_templates


Detecting CXX [-std=c++14] compiler features compiled with the following output:
Change Dir: /home/pi/Desktop/Ten-Pin-Bowling-Imaging/release/CMakeFiles/CMakeTmp

Run Build Command:"/usr/bin/make" "cmTC_e1e0f/fast"
/usr/bin/make -f CMakeFiles/cmTC_e1e0f.dir/build.make CMakeFiles/cmTC_e1e0f.dir/build
make[1]: Entering directory '/home/pi/Desktop/Ten-Pin-Bowling-Imaging/release/CMakeFiles/CMakeTmp'
Building CXX object CMakeFiles/cmTC_e1e0f.dir/feature_tests.cxx.o
/usr/bin/clang++    -std=c++14 -o CMakeFiles/cmTC_e1e0f.dir/feature_tests.cxx.o -c /home/pi/Desktop/Ten-Pin-Bowling-Imaging/release/CMakeFiles/feature_tests.cxx
Linking CXX executable cmTC_e1e0f
/usr/bin/cmake -E cmake_link_script CMakeFiles/cmTC_e1e0f.dir/link.txt --verbose=1
/usr/bin/clang++       -rdynamic CMakeFiles/cmTC_e1e0f.dir/feature_tests.cxx.o  -o cmTC_e1e0f 
make[1]: Leaving directory '/home/pi/Desktop/Ten-Pin-Bowling-Imaging/release/CMakeFiles/CMakeTmp'


    Feature record: CXX_FEATURE:1cxx_aggregate_default_initializers
    Feature record: CXX_FEATURE:1cxx_alias_templates
    Feature record: CXX_FEATURE:1cxx_alignas
    Feature record: CXX_FEATURE:1cxx_alignof
    Feature record: CXX_FEATURE:1cxx_attributes
    Feature record: CXX_FEATURE:1cxx_attribute_deprecated
    Feature record: CXX_FEATURE:1cxx_auto_type
    Feature record: CXX_FEATURE:1cxx_binary_literals
    Feature record: CXX_FEATURE:1cxx_constexpr
    Feature record: CXX_FEATURE:1cxx_contextual_conversions
    Feature record: CXX_FEATURE:1cxx_decltype
    Feature record: CXX_FEATURE:1cxx_decltype_auto
    Feature record: CXX_FEATURE:1cxx_decltype_incomplete_return_types
    Feature record: CXX_FEATURE:1cxx_default_function_template_args
    Feature record: CXX_FEATURE:1cxx_defaulted_functions
    Feature record: CXX_FEATURE:1cxx_defaulted_move_initializers
    Feature record: CXX_FEATURE:1cxx_delegating_constructors
    Feature record: CXX_FEATURE:1cxx_deleted_functions
    Feature record: CXX_FEATURE:1cxx_digit_separators
    Feature record: CXX_FEATURE:1cxx_enum_forward_declarations
    Feature record: CXX_FEATURE:1cxx_explicit_conversions
    Feature record: CXX_FEATURE:1cxx_extended_friend_declarations
    Feature record: CXX_FEATURE:1cxx_extern_templates
    Feature record: CXX_FEATURE:1cxx_final
    Feature record: CXX_FEATURE:1cxx_func_identifier
    Feature record: CXX_FEATURE:1cxx_generalized_initializers
    Feature record: CXX_FEATURE:1cxx_generic_lambdas
    Feature record: CXX_FEATURE:1cxx_inheriting_constructors
    Feature record: CXX_FEATURE:1cxx_inline_namespaces
    Feature record: CXX_FEATURE:1cxx_lambdas
    Feature record: CXX_FEATURE:1cxx_lambda_init_captures
    Feature record: CXX_FEATURE:1cxx_local_type_template_args
    Feature record: CXX_FEATURE:1cxx_long_long_type
    Feature record: CXX_FEATURE:1cxx_noexcept
    Feature record: CXX_FEATURE:1cxx_nonstatic_member_init
    Feature record: CXX_FEATURE:1cxx_nullptr
    Feature record: CXX_FEATURE:1cxx_override
    Feature record: CXX_FEATURE:1cxx_range_for
    Feature record: CXX_FEATURE:1cxx_raw_string_literals
    Feature record: CXX_FEATURE:1cxx_reference_qualified_functions
    Feature record: CXX_FEATURE:1cxx_relaxed_constexpr
    Feature record: CXX_FEATURE:1cxx_return_type_deduction
    Feature record: CXX_FEATURE:1cxx_right_angle_brackets
    Feature record: CXX_FEATURE:1cxx_rvalue_references
    Feature record: CXX_FEATURE:1cxx_sizeof_member
    Feature record: CXX_FEATURE:1cxx_static_assert
    Feature record: CXX_FEATURE:1cxx_strong_enums
    Feature record: CXX_FEATURE:1cxx_template_template_parameters
    Feature record: CXX_FEATURE:1cxx_thread_local
    Feature record: CXX_FEATURE:1cxx_trailing_return_types
    Feature record: CXX_FEATURE:1cxx_unicode_literals
    Feature record: CXX_FEATURE:1cxx_uniform_initialization
    Feature record: CXX_FEATURE:1cxx_unrestricted_unions
    Feature record: CXX_FEATURE:1cxx_user_literals
    Feature record: CXX_FEATURE:1cxx_variable_templates
    Feature record: CXX_FEATURE:1cxx_variadic_macros
    Feature record: CXX_FEATURE:1cxx_variadic_templates


Detecting CXX [-std=c++11] compiler features compiled with the following output:
Change Dir: /home/pi/Desktop/Ten-Pin-Bowling-Imaging/release/CMakeFiles/CMakeTmp

Run Build Command:"/usr/bin/make" "cmTC_fca13/fast"
/usr/bin/make -f CMakeFiles/cmTC_fca13.dir/build.make CMakeFiles/cmTC_fca13.dir/build
make[1]: Entering directory '/home/pi/Desktop/Ten-Pin-Bowling-Imaging/release/CMakeFiles/CMakeTmp'
Building CXX object CMakeFiles/cmTC_fca13.dir/feature_tests.cxx.o
/usr/bin/clang++    -std=c++11 -o CMakeFiles/cmTC_fca13.dir/feature_tests.cxx.o -c /home/pi/Desktop/Ten-Pin-Bowling-Imaging/release/CMakeFiles/feature_tests.cxx
Linking CXX executable cmTC_fca13
/usr/bin/cmake -E cmake_link_script CMakeFiles/cmTC_fca13.dir/link.txt --verbose=1
/usr/bin/clang++       -rdynamic CMakeFiles/cmTC_fca13.dir/feature_tests.cxx.o  -o cmTC_fca13 
make[1]: Leaving directory '/home/pi/Desktop/Ten-Pin-Bowling-Imaging/release/CMakeFiles/CMakeTmp'


    Feature record: CXX_FEATURE:0cxx_aggregate_default_initializers
    Feature record: CXX_FEATURE:1cxx_alias_templates
    Feature record: CXX_FEATURE:1cxx_alignas
    Feature record: CXX_FEATURE:1cxx_alignof
    Feature record: CXX_FEATURE:1cxx_attributes
    Feature record: CXX_FEATURE:0cxx_attribute_deprecated
    Feature record: CXX_FEATURE:1cxx_auto_type
    Feature record: CXX_FEATURE:0cxx_binary_literals
    Feature record: CXX_FEATURE:1cxx_constexpr
    Feature record: CXX_FEATURE:0cxx_contextual_conversions
    Feature record: CXX_FEATURE:1cxx_decltype
    Feature record: CXX_FEATURE:0cxx_decltype_auto
    Feature record: CXX_FEATURE:1cxx_decltype_incomplete_return_types
    Feature record: CXX_FEATURE:1cxx_default_function_template_args
    Feature record: CXX_FEATURE:1cxx_defaulted_functions
    Feature record: CXX_FEATURE:1cxx_defaulted_move_initializers
    Feature record: CXX_FEATURE:1cxx_delegating_constructors
    Feature record: CXX_FEATURE:1cxx_deleted_functions
    Feature record: CXX_FEATURE:0cxx_digit_separators
    Feature record: CXX_FEATURE:1cxx_enum_forward_declarations
    Feature record: CXX_FEATURE:1cxx_explicit_conversions
    Feature record: CXX_FEATURE:1cxx_extended_friend_declarations
    Feature record: CXX_FEATURE:1cxx_extern_templates
    Feature record: CXX_FEATURE:1cxx_final
    Feature record: CXX_FEATURE:1cxx_func_identifier
    Feature record: CXX_FEATURE:1cxx_generalized_initializers
    Feature record: CXX_FEATURE:0cxx_generic_lambdas
    Feature record: CXX_FEATURE:1cxx_inheriting_constructors
    Feature record: CXX_FEATURE:1cxx_inline_namespaces
    Feature record: CXX_FEATURE:1cxx_lambdas
    Feature record: CXX_FEATURE:0cxx_lambda_init_captures
    Feature record: CXX_FEATURE:1cxx_local_type_template_args
    Feature record: CXX_FEATURE:1cxx_long_long_type
    Feature record: CXX_FEATURE:1cxx_noexcept
    Feature record: CXX_FEATURE:1cxx_nonstatic_member_init
    Feature record: CXX_FEATURE:1cxx_nullptr
    Feature record: CXX_FEATURE:1cxx_override
    Feature record: CXX_FEATURE:1cxx_range_for
    Feature record: CXX_FEATURE:1cxx_raw_string_literals
    Feature record: CXX_FEATURE:1cxx_reference_qualified_functions
    Feature record: CXX_FEATURE:0cxx_relaxed_constexpr
    Feature record: CXX_FEATURE:0cxx_return_type_deduction
    Feature record: CXX_FEATURE:1cxx_right_angle_brackets
    Feature record: CXX_FEATURE:1cxx_rvalue_references
    Feature record: CXX_FEATURE:1cxx_sizeof_member
    Feature record: CXX_FEATURE:1cxx_static_assert
    Feature record: CXX_FEATURE:1cxx_strong_enums
    Feature record: CXX_FEATURE:1cxx_template_template_parameters
    Feature record: CXX_FEATURE:1cxx_thread_local
    Feature record: CXX_FEATURE:1cxx_trailing_return_types
    Feature record: CXX_FEATURE:1cxx_unicode_literals
    Feature record: CXX_FEATURE:1cxx_uniform_initialization
    Feature record: CXX_FEATURE:1cxx_unrestricted_unions
    Feature record: CXX_FEATURE:1cxx_user_literals
    Feature record: CXX_FEATURE:0cxx_variable_templates
    Feature record: CXX_FEATURE:1cxx_variadic_macros
    Feature record: CXX_FEATURE:1cxx_variadic_templates


Detecting CXX [-std=c++98] compiler features compiled with the following output:
Change Dir: /home/pi/Desktop/Ten-Pin-Bowling-Imaging/release/CMakeFiles/CMakeTmp

Run Build Command:"/usr/bin/make" "cmTC_6ad49/fast"
/usr/bin/make -f CMakeFiles/cmTC_6ad49.dir/build.make CMakeFiles/cmTC_6ad49.dir/build
make[1]: Entering directory '/home/pi/Desktop/Ten-Pin-Bowling-Imaging/release/CMakeFiles/CMakeTmp'
Building CXX object CMakeFiles/cmTC_6ad49.dir/feature_tests.cxx.o
/usr/bin/clang++    -std=c++98 -o CMakeFiles/cmTC_6ad49.dir/feature_tests.cxx.o -c /home/pi/Desktop/Ten-Pin-Bowling-Imaging/release/CMakeFiles/feature_tests.cxx
Linking CXX executable cmTC_6ad49
/usr/bin/cmake -E cmake_link_script CMakeFiles/cmTC_6ad49.dir/link.txt --verbose=1
/usr/bin/clang++       -rdynamic CMakeFiles/cmTC_6ad49.dir/feature_tests.cxx.o  -o cmTC_6ad49 
make[1]: Leaving directory '/home/pi/Desktop/Ten-Pin-Bowling-Imaging/release/CMakeFiles/CMakeTmp'


    Feature record: CXX_FEATURE:0cxx_aggregate_default_initializers
    Feature record: CXX_FEATURE:0cxx_alias_templates
    Feature record: CXX_FEATURE:0cxx_alignas
    Feature record: CXX_FEATURE:0cxx_alignof
    Feature record: CXX_FEATURE:0cxx_attributes
    Feature record: CXX_FEATURE:0cxx_attribute_deprecated
    Feature record: CXX_FEATURE:0cxx_auto_type
    Feature record: CXX_FEATURE:0cxx_binary_literals
    Feature record: CXX_FEATURE:0cxx_constexpr
    Feature record: CXX_FEATURE:0cxx_contextual_conversions
    Feature record: CXX_FEATURE:0cxx_decltype
    Feature record: CXX_FEATURE:0cxx_decltype_auto
    Feature record: CXX_FEATURE:0cxx_decltype_incomplete_return_types
    Feature record: CXX_FEATURE:0cxx_default_function_template_args
    Feature record: CXX_FEATURE:0cxx_defaulted_functions
    Feature record: CXX_FEATURE:0cxx_defaulted_move_initializers
    Feature record: CXX_FEATURE:0cxx_delegating_constructors
    Feature record: CXX_FEATURE:0cxx_deleted_functions
    Feature record: CXX_FEATURE:0cxx_digit_separators
    Feature record: CXX_FEATURE:0cxx_enum_forward_declarations
    Feature record: CXX_FEATURE:0cxx_explicit_conversions
    Feature record: CXX_FEATURE:0cxx_extended_friend_declarations
    Feature record: CXX_FEATURE:0cxx_extern_templates
    Feature record: CXX_FEATURE:0cxx_final
    Feature record: CXX_FEATURE:0cxx_func_identifier
    Feature record: CXX_FEATURE:0cxx_generalized_initializers
    Feature record: CXX_FEATURE:0cxx_generic_lambdas
    Feature record: CXX_FEATURE:0cxx_inheriting_constructors
    Feature record: CXX_FEATURE:0cxx_inline_namespaces
    Feature record: CXX_FEATURE:0cxx_lambdas
    Feature record: CXX_FEATURE:0cxx_lambda_init_captures
    Feature record: CXX_FEATURE:0cxx_local_type_template_args
    Feature record: CXX_FEATURE:0cxx_long_long_type
    Feature record: CXX_FEATURE:0cxx_noexcept
    Feature record: CXX_FEATURE:0cxx_nonstatic_member_init
    Feature record: CXX_FEATURE:0cxx_nullptr
    Feature record: CXX_FEATURE:0cxx_override
    Feature record: CXX_FEATURE:0cxx_range_for
    Feature record: CXX_FEATURE:0cxx_raw_string_literals
    Feature record: CXX_FEATURE:0cxx_reference_qualified_functions
    Feature record: CXX_FEATURE:0cxx_relaxed_constexpr
    Feature record: CXX_FEATURE:0cxx_return_type_deduction
    Feature record: CXX_FEATURE:0cxx_right_angle_brackets
    Feature record: CXX_FEATURE:0cxx_rvalue_references
    Feature record: CXX_FEATURE:0cxx_sizeof_member
    Feature record: CXX_FEATURE:0cxx_static_assert
    Feature record: CXX_FEATURE:0cxx_strong_enums
    Feature record: CXX_FEATURE:1cxx_template_template_parameters
    Feature record: CXX_FEATURE:0cxx_thread_local
    Feature record: CXX_FEATURE:0cxx_trailing_return_types
    Feature record: CXX_FEATURE:0cxx_unicode_literals
    Feature record: CXX_FEATURE:0cxx_uniform_initialization
    Feature record: CXX_FEATURE:0cxx_unrestricted_unions
    Feature record: CXX_FEATURE:0cxx_user_literals
    Feature record: CXX_FEATURE:0cxx_variable_templates
    Feature record: CXX_FEATURE:0cxx_variadic_macros
    Feature record: CXX_FEATURE:0cxx_variadic_templates
